2024-08-03 20:00:34 - Thread-103 (process_claim_verification) - WARNING - 





2024-08-03 20:00:34 - Thread-103 (process_claim_verification) - WARNING - ----------------------------------
2024-08-03 20:00:34 - Thread-103 (process_claim_verification) - WARNING - --------- Claim Verifier ---------
2024-08-03 20:00:34 - Thread-103 (process_claim_verification) - WARNING - ----------------------------------
2024-08-03 20:00:36 - Thread-103 (process_claim_verification) - INFO - ################## Claim Verifier Input ##################
2024-08-03 20:00:36 - Thread-103 (process_claim_verification) - INFO - 
{
  "Claim": "In a 2006 TV interview, then-U.S. Sen. Joe Biden described marriage as being "between a man and a woman."",
  "Video_information": {'video_date': 20230305.0, 'platform': 'instagram', 'video_headline': "Who's this guy and where'd he go?  More stuff they don't want you to see.", 'video_transcript': "The president used his radio address, yesterday and tomorrow in the Rose Garden to talk about a constitutional amendment to ban gay marriage. You know, think about this. The world's going to Hades in a handbasket. We are desperately concerned about the circumstance relating to, avian flu. We don't have enough vaccines. We don't have enough police officers, and we're gonna debate the next 3 weeks, I'm told. Gay marriage, a flag amendment, and god only knows what else. I can't believe the American people can't see through this. We already have a law, the Defense of Marriage Act, where we've all voted, not or I voted, and others say, look. Marriage is between a man and a woman, and states must respect that. Nobody's violated that law. There's been no challenge to that law. Why do we need a constitutional amendment? Marriage is between a man and a woman. What's the game going on here?", 'Video_descriptor': 'The video features a man in a suit and tie, presumably a public figure, engaging directly with the camera while seated in a chair, creating an intimate and conversational atmosphere. As he speaks, he stands up, continuing his discourse with an assertive presence, before returning to his seat to further elaborate on his points. The backdrop prominently displays "MEET THE PRESS," along with a logo and various social media icons, indicating the video may have been shared widely online. Throughout the video, key frames capture the man in a studio setting, often appearing contemplative as he discusses topics such as gay marriage and America in 2006. Captions and overlays in these frames highlight his commentary and encourage viewers to connect on social media platforms, as well as provide additional information about the discourse. The video concludes with the man once again seated, maintaining his focus on the camera and seemingly encapsulating his thoughts, thereby reinforcing the engaging dialogue that preceded it. No matter how many times he shifts between standing and sitting, his consistent engagement with the audience remains a focal point, making his ultimate perspective resonate through the concluding remarks delivered while seated.'},
  "QA_CONTEXTS": {},
  "Task": "Based on the content of the Video_information and the QA_CONTEXTS, accurately and rigorously determine whether the existing information is sufficient to judge the truthfulness of the claim. Can we determine the truthfulness of the claim based on the existing information? Please provide a reliability probability, clearly answer 'Yes' (the existing information is sufficient to determine the truthfulness) or 'No' (the existing information is insufficient to determine the truthfulness), and provide a detailed reason for your judgment. Include specific evidence from the provided information to support your conclusion. Answer 'Yes' only if the reliability probability is sufficiently high.",
  "Output_Format": {
    "CVResult": {
      "Judgment": "Yes or No",
      "Confidence": "0%~100%",
      "Reason": "Detailed explanation for the judgment, including specific evidence from the provided information that explains why the information is sufficient or insufficient to determine the truthfulness of the claim"
    }
  }
}
The final output must be in valid JSON format, strictly adhering to the structure specified in the 'Output_Format' field. Provide a 'Yes' or 'No' judgment, a reliability probability ranging from 0% to 100%, and a detailed reason explaining your judgment with specific evidence. Ensure that the entire response is a properly formatted JSON object.

2024-08-03 20:00:36 - Thread-103 (process_claim_verification) - INFO - ################## Claim Verifier Raw Output ##################
2024-08-03 20:00:36 - Thread-103 (process_claim_verification) - INFO - ```json
{
  "CVResult": {
    "Judgment": "Yes",
    "Confidence": "95%",
    "Reason": "The claim states that in a 2006 TV interview, then-U.S. Sen. Joe Biden described marriage as being 'between a man and a woman.' The provided video transcript indicates that Joe Biden explicitly stated, 'Marriage is between a man and a woman,' during the discussion about a constitutional amendment to ban gay marriage. This directly supports the claim, affirming that Biden made such a statement in the referenced year and context. The level of detail and the quotation makes it highly reliable to conclude the truthfulness of the claim."
  }
}
```
2024-08-03 20:00:40 - Thread-103 (process_claim_verification) - INFO - process_claim_verifier result - Judgment: True, Confidence: 0.95
2024-08-03 20:00:40 - Thread-103 (process_claim_verification) - WARNING - 





2024-08-03 20:00:40 - Thread-103 (process_claim_verification) - INFO - !!!!!!!!!!!!!!!!!!!!!!!!!!!!!!!!!!!!!!!!!!!!!!!!!
2024-08-03 20:00:40 - Thread-103 (process_claim_verification) - INFO - !!!!!!!!!! Processing Initial Question !!!!!!!!!!
2024-08-03 20:00:40 - Thread-103 (process_claim_verification) - INFO - !!!!!!!!!!!!!!!!!!!!!!!!!!!!!!!!!!!!!!!!!!!!!!!!!
2024-08-03 20:00:40 - Thread-103 (process_claim_verification) - WARNING - 





2024-08-03 20:00:40 - Thread-103 (process_claim_verification) - WARNING - 





2024-08-03 20:00:40 - Thread-103 (process_claim_verification) - WARNING - ----------------------------------
2024-08-03 20:00:40 - Thread-103 (process_claim_verification) - WARNING - --------- Final Reasoner ---------
2024-08-03 20:00:40 - Thread-103 (process_claim_verification) - WARNING - ----------------------------------
2024-08-03 20:00:44 - Thread-103 (process_claim_verification) - INFO - ################## Final Reasoner Input (Attempt 1) ##################
2024-08-03 20:00:44 - Thread-103 (process_claim_verification) - INFO - 
{
  "Claim": "In a 2006 TV interview, then-U.S. Sen. Joe Biden described marriage as being "between a man and a woman."",
  "Video_information": {'video_date': 20230305.0, 'platform': 'instagram', 'video_headline': "Who's this guy and where'd he go?  More stuff they don't want you to see.", 'video_transcript': "The president used his radio address, yesterday and tomorrow in the Rose Garden to talk about a constitutional amendment to ban gay marriage. You know, think about this. The world's going to Hades in a handbasket. We are desperately concerned about the circumstance relating to, avian flu. We don't have enough vaccines. We don't have enough police officers, and we're gonna debate the next 3 weeks, I'm told. Gay marriage, a flag amendment, and god only knows what else. I can't believe the American people can't see through this. We already have a law, the Defense of Marriage Act, where we've all voted, not or I voted, and others say, look. Marriage is between a man and a woman, and states must respect that. Nobody's violated that law. There's been no challenge to that law. Why do we need a constitutional amendment? Marriage is between a man and a woman. What's the game going on here?", 'Video_descriptor': 'The video features a man in a suit and tie, presumably a public figure, engaging directly with the camera while seated in a chair, creating an intimate and conversational atmosphere. As he speaks, he stands up, continuing his discourse with an assertive presence, before returning to his seat to further elaborate on his points. The backdrop prominently displays "MEET THE PRESS," along with a logo and various social media icons, indicating the video may have been shared widely online. Throughout the video, key frames capture the man in a studio setting, often appearing contemplative as he discusses topics such as gay marriage and America in 2006. Captions and overlays in these frames highlight his commentary and encourage viewers to connect on social media platforms, as well as provide additional information about the discourse. The video concludes with the man once again seated, maintaining his focus on the camera and seemingly encapsulating his thoughts, thereby reinforcing the engaging dialogue that preceded it. No matter how many times he shifts between standing and sitting, his consistent engagement with the audience remains a focal point, making his ultimate perspective resonate through the concluding remarks delivered while seated.'},
  "QA_CONTEXTS": {},
  "Task": "Is this Claim true or false considering the provided Video information? And which information type does it belong to: Real, Unverified, Outdated, or False? If 'False,' specify the type: False video description, Video Clip Edit, Computer-generated Imagery, False speech, Staged Video, Text-Video Contradictory, Text unsupported by the video. Please provide your reasoning process. Ensure the final answer addresses all the following aspects: Answer, Reasons, Therefore, the Claim authenticity is, The information type is, If it is false, the specific type of False Information is.",
  "Output_Answer_Format": {
    "Answer": "",
    "Reasons": "",
    "Therefore, the Claim authenticity is": "",
    "The information type is": "",
    "If it is false, the specific type of False Information is": ""
  },
  "Please Note": "Make sure to address Answer, Reasons, Therefore, the Claim authenticity is, The information type is, If it is false, the specific type of False Information is, specifically based on the provided Video information.",
  "Evidence Citation Guidelines": {
    "1. Reference Format": "For each argument or piece of information used, add the referenced evidence number after it.",
    "2. Citation Format": "Use the format [Question_type Question_number_Query number_evidence number] for your references. For example:",
      "- Initial Question Generation": "[Initial_Question_Generation_Query X_evidenceY]",
      "- Follow Up Questions": "[Follow_Up_Question_Z_Query X_evidenceY]",
      "Where X is the query number, Y is the evidence number, and Z is the follow-up question number.",
    "3. Comprehensive Referencing": "Ensure that every piece of information drawn from the provided evidence is properly referenced.",
    "4. Answer Quality": "Strive for a comprehensive yet concise answer that directly addresses the question while incorporating relevant evidence.",
    "5. Output Inclusion": "When citing evidence in the final output, include the full reference tag (e.g., [Follow_Up_Question_1_Query 1_evidence_2]) in the 'Reasons' section of the Output_Answer_Format."
  }
}

2024-08-03 20:00:46 - Thread-103 (process_claim_verification) - INFO - ################## Final Reasoner Raw Output (Attempt 1) ##################
2024-08-03 20:00:46 - Thread-103 (process_claim_verification) - INFO - {
  "Answer": "True",
  "Reasons": "The claim about then-U.S. Sen. Joe Biden stating that marriage is 'between a man and a woman' aligns with the video transcript, where he explicitly uses that phrase while discussing the Defense of Marriage Act and the need for a constitutional amendment. This confirms Biden's position in the context of the discourse regarding gay marriage in 2006 [Video_information video_transcript].",
  "Therefore, the Claim authenticity is": "True",
  "The information type is": "Real",
  "If it is false, the specific type of False Information is": "N/A"
}
2024-08-03 20:00:50 - Thread-103 (process_claim_verification) - INFO - The claim processing result has been generated and successfully saved.
2024-08-03 20:00:50 - Thread-103 (process_claim_verification) - INFO - final_json_answer 
{'Final_Judgement': {'Answer': 'True', 'Reasons': "The claim about then-U.S. Sen. Joe Biden stating that marriage is 'between a man and a woman' aligns with the video transcript, where he explicitly uses that phrase while discussing the Defense of Marriage Act and the need for a constitutional amendment. This confirms Biden's position in the context of the discourse regarding gay marriage in 2006 [Video_information video_transcript].", 'Therefore, the Claim authenticity is': 'True', 'The information type is': 'Real'}}
