2024-08-03 23:48:47 - Thread-666 (process_claim_verification) - WARNING - 





2024-08-03 23:48:47 - Thread-666 (process_claim_verification) - WARNING - ----------------------------------
2024-08-03 23:48:47 - Thread-666 (process_claim_verification) - WARNING - --------- Claim Verifier ---------
2024-08-03 23:48:47 - Thread-666 (process_claim_verification) - WARNING - ----------------------------------
2024-08-03 23:48:51 - Thread-666 (process_claim_verification) - INFO - ################## Claim Verifier Input ##################
2024-08-03 23:48:51 - Thread-666 (process_claim_verification) - INFO - 
{
  "Claim": "Russian President Vladimir Putin said he preferred Joe Biden to Donald Trump in the 2024 U.S. presidential election.",
  "Video_information": {'video_date': 20240215.0, 'platform': 'youtube', 'video_headline': 'Putin says he prefers President Biden over Donald Trump', 'video_transcript': 'Я думаю о том, что США набирает обороты внутри. Для нас кто лучше Байден или Трамп? Байден. Он человек более опытный, он прогнозируемый, он политик старой формации. Но мы будем работать с любым лидером США, которому окажет доверие американский народ. Послушайте, я когда-то встречался с Байденом в Швейцарии, это было, правда, несколько лет назад, три года и тогда уже говорили о том, что он недееспособный. Ничего подобного я не увидел. Ну да, он подглядывал свою бумажку. Я, честно говоря, подглядывал свою, ничего такого нет. Но то, что он, выходя из вертолёта, ударился головой об этот вертолёт, кто у нас не ударялся где-нибудь головой? Пусть первый бросит в него камень.', 'Video_descriptor': "The video opens with a man in a suit sitting in a chair, engaged in conversation with another man in a similar attire, establishing an atmosphere of formal discussion. It then transitions to another scene where the same man is at a desk, interacting with a woman, continuing the theme of professional dialogue. The man in the suit is later depicted in a room equipped with a large screen, speaking to yet another man in a suit, suggesting a focus on a significant topic, possibly related to scientific or technological issues, as indicated by the environment's high-tech equipment. Following this, the video returns to the man in a suit seated and conversing with another man, maintaining the formal tone. Key frames throughout the video illustrate various moments of these discussions: one frame captures a public figure stating, “But we will work with any US leader who the American people have confidence in,” while another depicts a seated man being interviewed about a past incident involving a helicopter, hinting at personal stories intertwining with larger discussions. Additional frames feature instances of interview-style conversations, where the seated man answers questions such as who is preferable, Biden or Trump. The video also includes moments of dialogue where the man gestures while discussing a past encounter with President Biden, implying a narration of significant political events. The concluding scenes maintain this consistent format, with the man in a suit repeating the structure of seated discussions, effectively wrapping up the video while retaining the professional atmosphere throughout."},
  "QA_CONTEXTS": {},
  "Task": "Based on the content of the Video_information and the QA_CONTEXTS, accurately and rigorously determine whether the existing information is sufficient to judge the truthfulness of the claim. Can we determine the truthfulness of the claim based on the existing information? Please provide a reliability probability, clearly answer 'Yes' (the existing information is sufficient to determine the truthfulness) or 'No' (the existing information is insufficient to determine the truthfulness), and provide a detailed reason for your judgment. Include specific evidence from the provided information to support your conclusion. Answer 'Yes' only if the reliability probability is sufficiently high.",
  "Output_Format": {
    "CVResult": {
      "Judgment": "Yes or No",
      "Confidence": "0%~100%",
      "Reason": "Detailed explanation for the judgment, including specific evidence from the provided information that explains why the information is sufficient or insufficient to determine the truthfulness of the claim"
    }
  }
}
The final output must be in valid JSON format, strictly adhering to the structure specified in the 'Output_Format' field. Provide a 'Yes' or 'No' judgment, a reliability probability ranging from 0% to 100%, and a detailed reason explaining your judgment with specific evidence. Ensure that the entire response is a properly formatted JSON object.

2024-08-03 23:48:51 - Thread-666 (process_claim_verification) - INFO - ################## Claim Verifier Raw Output ##################
2024-08-03 23:48:51 - Thread-666 (process_claim_verification) - INFO - {
  "CVResult": {
    "Judgment": "Yes",
    "Confidence": "95%",
    "Reason": "The existing information is sufficient to determine the truthfulness of the claim that Russian President Vladimir Putin expressed a preference for Joe Biden over Donald Trump in the 2024 U.S. presidential election. In the video transcript, Putin explicitly states, 'Для нас кто лучше Байден или Трамп? Байден. Он человек более опытный, он прогнозируемый, он политик старой формации,' which translates to 'For us, who is better, Biden or Trump? Biden. He is a more experienced man, he is predictable, he is a politician of the old formation.' This direct quote clearly indicates that Putin prefers Biden over Trump, directly supporting the claim made. The video descriptor reinforces the context of formal political discussions, and the imagery described aligns with the content of the discussion indicated in the transcript. Therefore, the evidence provided is strong and accurately substantiates the claim."
  }
}
2024-08-03 23:48:56 - Thread-666 (process_claim_verification) - INFO - process_claim_verifier result - Judgment: True, Confidence: 0.95
2024-08-03 23:48:56 - Thread-666 (process_claim_verification) - WARNING - 





2024-08-03 23:48:56 - Thread-666 (process_claim_verification) - INFO - !!!!!!!!!!!!!!!!!!!!!!!!!!!!!!!!!!!!!!!!!!!!!!!!!
2024-08-03 23:48:56 - Thread-666 (process_claim_verification) - INFO - !!!!!!!!!! Processing Initial Question !!!!!!!!!!
2024-08-03 23:48:56 - Thread-666 (process_claim_verification) - INFO - !!!!!!!!!!!!!!!!!!!!!!!!!!!!!!!!!!!!!!!!!!!!!!!!!
2024-08-03 23:48:56 - Thread-666 (process_claim_verification) - WARNING - 





2024-08-03 23:48:56 - Thread-666 (process_claim_verification) - WARNING - 





2024-08-03 23:48:56 - Thread-666 (process_claim_verification) - WARNING - ----------------------------------
2024-08-03 23:48:56 - Thread-666 (process_claim_verification) - WARNING - --------- Final Reasoner ---------
2024-08-03 23:48:56 - Thread-666 (process_claim_verification) - WARNING - ----------------------------------
2024-08-03 23:48:58 - Thread-666 (process_claim_verification) - INFO - ################## Final Reasoner Input (Attempt 1) ##################
2024-08-03 23:48:58 - Thread-666 (process_claim_verification) - INFO - 
{
  "Claim": "Russian President Vladimir Putin said he preferred Joe Biden to Donald Trump in the 2024 U.S. presidential election.",
  "Video_information": {'video_date': 20240215.0, 'platform': 'youtube', 'video_headline': 'Putin says he prefers President Biden over Donald Trump', 'video_transcript': 'Я думаю о том, что США набирает обороты внутри. Для нас кто лучше Байден или Трамп? Байден. Он человек более опытный, он прогнозируемый, он политик старой формации. Но мы будем работать с любым лидером США, которому окажет доверие американский народ. Послушайте, я когда-то встречался с Байденом в Швейцарии, это было, правда, несколько лет назад, три года и тогда уже говорили о том, что он недееспособный. Ничего подобного я не увидел. Ну да, он подглядывал свою бумажку. Я, честно говоря, подглядывал свою, ничего такого нет. Но то, что он, выходя из вертолёта, ударился головой об этот вертолёт, кто у нас не ударялся где-нибудь головой? Пусть первый бросит в него камень.', 'Video_descriptor': "The video opens with a man in a suit sitting in a chair, engaged in conversation with another man in a similar attire, establishing an atmosphere of formal discussion. It then transitions to another scene where the same man is at a desk, interacting with a woman, continuing the theme of professional dialogue. The man in the suit is later depicted in a room equipped with a large screen, speaking to yet another man in a suit, suggesting a focus on a significant topic, possibly related to scientific or technological issues, as indicated by the environment's high-tech equipment. Following this, the video returns to the man in a suit seated and conversing with another man, maintaining the formal tone. Key frames throughout the video illustrate various moments of these discussions: one frame captures a public figure stating, “But we will work with any US leader who the American people have confidence in,” while another depicts a seated man being interviewed about a past incident involving a helicopter, hinting at personal stories intertwining with larger discussions. Additional frames feature instances of interview-style conversations, where the seated man answers questions such as who is preferable, Biden or Trump. The video also includes moments of dialogue where the man gestures while discussing a past encounter with President Biden, implying a narration of significant political events. The concluding scenes maintain this consistent format, with the man in a suit repeating the structure of seated discussions, effectively wrapping up the video while retaining the professional atmosphere throughout."},
  "QA_CONTEXTS": {},
  "Task": "Is this Claim true or false considering the provided Video information? And which information type does it belong to: Real, Unverified, Outdated, or False? If 'False,' specify the type: False video description, Video Clip Edit, Computer-generated Imagery, False speech, Staged Video, Text-Video Contradictory, Text unsupported by the video. Please provide your reasoning process. Ensure the final answer addresses all the following aspects: Answer, Reasons, Therefore, the Claim authenticity is, The information type is, If it is false, the specific type of False Information is.",
  "Output_Answer_Format": {
    "Answer": "",
    "Reasons": "",
    "Therefore, the Claim authenticity is": "",
    "The information type is": "",
    "If it is false, the specific type of False Information is": ""
  },
  "Please Note": "Make sure to address Answer, Reasons, Therefore, the Claim authenticity is, The information type is, If it is false, the specific type of False Information is, specifically based on the provided Video information.",
  "Evidence Citation Guidelines": {
    "1. Reference Format": "For each argument or piece of information used, add the referenced evidence number after it.",
    "2. Citation Format": "Use the format [Question_type Question_number_Query number_evidence number] for your references. For example:",
      "- Initial Question Generation": "[Initial_Question_Generation_Query X_evidenceY]",
      "- Follow Up Questions": "[Follow_Up_Question_Z_Query X_evidenceY]",
      "Where X is the query number, Y is the evidence number, and Z is the follow-up question number.",
    "3. Comprehensive Referencing": "Ensure that every piece of information drawn from the provided evidence is properly referenced.",
    "4. Answer Quality": "Strive for a comprehensive yet concise answer that directly addresses the question while incorporating relevant evidence.",
    "5. Output Inclusion": "When citing evidence in the final output, include the full reference tag (e.g., [Follow_Up_Question_1_Query 1_evidence_2]) in the 'Reasons' section of the Output_Answer_Format."
  }
}

2024-08-03 23:49:00 - Thread-666 (process_claim_verification) - INFO - ################## Final Reasoner Raw Output (Attempt 1) ##################
2024-08-03 23:49:00 - Thread-666 (process_claim_verification) - INFO - {
  "Answer": "True",
  "Reasons": "The video transcript indicates that Vladimir Putin explicitly stated that he prefers Biden over Trump, describing Biden as more experienced and predictable. He mentions, 'Для нас кто лучше Байден или Трамп? Байден. Он человек более опытный, он прогнозируемый' which translates to 'For us, who is better - Biden or Trump? Biden. He is a more experienced person, he is predictable.' This confirms the claim.",
  "Therefore, the Claim authenticity is": "True",
  "The information type is": "Real",
  "If it is false, the specific type of False Information is": "N/A"
}
2024-08-03 23:49:03 - Thread-666 (process_claim_verification) - INFO - The claim processing result has been generated and successfully saved.
2024-08-03 23:49:03 - Thread-666 (process_claim_verification) - INFO - final_json_answer 
{'Final_Judgement': {'Answer': 'True', 'Reasons': "The video transcript indicates that Vladimir Putin explicitly stated that he prefers Biden over Trump, describing Biden as more experienced and predictable. He mentions, 'Для нас кто лучше Байден или Трамп? Байден. Он человек более опытный, он прогнозируемый' which translates to 'For us, who is better - Biden or Trump? Biden. He is a more experienced person, he is predictable.' This confirms the claim.", 'Therefore, the Claim authenticity is': 'True', 'The information type is': 'Real'}}
