2024-08-04 10:35:00 - Thread-541 (process_claim_verification) - WARNING - 





2024-08-04 10:35:00 - Thread-541 (process_claim_verification) - WARNING - ----------------------------------
2024-08-04 10:35:00 - Thread-541 (process_claim_verification) - WARNING - --------- Claim Verifier ---------
2024-08-04 10:35:00 - Thread-541 (process_claim_verification) - WARNING - ----------------------------------
2024-08-04 10:35:03 - Thread-541 (process_claim_verification) - INFO - ################## Claim Verifier Input ##################
2024-08-04 10:35:03 - Thread-541 (process_claim_verification) - INFO - 
{
  "Claim": "Barbie is from the fictional town of Willows, Wisconsin.",
  "Video_information": {'video_date': 20230710.0, 'platform': 'twitter', 'video_headline': 'BARBIES FROM WISCONSIN????', 'video_transcript': "What is Barbie short for? Barbie is strong. She's she's just strong and beautiful. What is her name short for? Oh, oh, oh, oh. You know this one. He's playing a trick on me. You know. You tell me. No. I'm not playing a trick. What is it? Barbara. Yeah. I thought it was Barbara. Oh, yeah. No. It's it's definitely Barbara. Barbara has had quite the resume. Which of these jobs has she never had? Astronaut, plumber, lifeguard, marine corps sergeant? Probably plumber. Right? You're absolutely right. Plumber. I don't think so. Right? Where is Barbie from? Oh, my god. Is she from, like, Nantucket or something? She's from Wisconsin. I'm from Wisconsin. Oh, you really? Milwaukee. Okay. Oh my gosh. You guys don't talk about it all the time, ma'am? Oh my god. I love it. Congratulations. Thank you so much.", 'Video_descriptor': "The video opens at an outdoor event resembling a red carpet or media interview, where a woman with blonde hair, clad in a light blue dress and sunglasses, is being interviewed by a man holding a microphone labeled 'ET', indicating the presence of entertainment news. Throughout the video, this woman is seen consistently holding a cigarette while interacting with the interviewer, who appears engaged in the conversation. Various key frames depict her adjusting her sunglasses, shielding her eyes with a glove, and interacting with the vibrant atmosphere, which is accompanied by a lively backdrop featuring large pink and blue structures, possibly installations or decorative elements related to the event. Other individuals can also be seen in the background, including a man in a white shirt and a woman in a pink outfit, all contributing to the bustling environment filled with cameras and media presence. The sunny weather enhances the energetic ambiance, clearly showcasing a public gathering where the woman, in her striking blue attire, stands out as a focal point amidst the activity surrounding her, thus encapsulating the essence of the vibrant scene through her stylish appearance and engaging presence."},
  "QA_CONTEXTS": {},
  "Task": "Based on the content of the Video_information and the QA_CONTEXTS, accurately and rigorously determine whether the existing information is sufficient to judge the truthfulness of the claim. Can we determine the truthfulness of the claim based on the existing information? Please provide a reliability probability, clearly answer 'Yes' (the existing information is sufficient to determine the truthfulness) or 'No' (the existing information is insufficient to determine the truthfulness), and provide a detailed reason for your judgment. Include specific evidence from the provided information to support your conclusion. Answer 'Yes' only if the reliability probability is sufficiently high.",
  "Output_Format": {
    "CVResult": {
      "Judgment": "Yes or No",
      "Confidence": "0%~100%",
      "Reason": "Detailed explanation for the judgment, including specific evidence from the provided information that explains why the information is sufficient or insufficient to determine the truthfulness of the claim"
    }
  }
}
The final output must be in valid JSON format, strictly adhering to the structure specified in the 'Output_Format' field. Provide a 'Yes' or 'No' judgment, a reliability probability ranging from 0% to 100%, and a detailed reason explaining your judgment with specific evidence. Ensure that the entire response is a properly formatted JSON object.

2024-08-04 10:35:03 - Thread-541 (process_claim_verification) - INFO - ################## Claim Verifier Raw Output ##################
2024-08-04 10:35:03 - Thread-541 (process_claim_verification) - INFO - ```json
{
  "CVResult": {
    "Judgment": "Yes",
    "Confidence": "90%",
    "Reason": "The video transcript clearly states that someone in the conversation identifies Barbie as being from Wisconsin. Specifically, it mentions, 'Where is Barbie from? ... She's from Wisconsin.' This statement directly supports the claim that Barbie is from the fictional town of Willows, Wisconsin, as it aligns with the notion of Barbie's fictional geographical origins. Additionally, the context provided in the video descriptor suggests a discussion about Barbie's character and background, further solidifying the information presented in the transcript. Therefore, the existing information is sufficient to determine the truthfulness of the claim with a high degree of confidence."
  }
}
```
2024-08-04 10:35:06 - Thread-541 (process_claim_verification) - INFO - process_claim_verifier result - Judgment: True, Confidence: 0.9
2024-08-04 10:35:06 - Thread-541 (process_claim_verification) - WARNING - 





2024-08-04 10:35:06 - Thread-541 (process_claim_verification) - INFO - !!!!!!!!!!!!!!!!!!!!!!!!!!!!!!!!!!!!!!!!!!!!!!!!!
2024-08-04 10:35:06 - Thread-541 (process_claim_verification) - INFO - !!!!!!!!!! Processing Initial Question !!!!!!!!!!
2024-08-04 10:35:06 - Thread-541 (process_claim_verification) - INFO - !!!!!!!!!!!!!!!!!!!!!!!!!!!!!!!!!!!!!!!!!!!!!!!!!
2024-08-04 10:35:06 - Thread-541 (process_claim_verification) - WARNING - 





2024-08-04 10:35:06 - Thread-541 (process_claim_verification) - WARNING - 





2024-08-04 10:35:06 - Thread-541 (process_claim_verification) - WARNING - ----------------------------------
2024-08-04 10:35:06 - Thread-541 (process_claim_verification) - WARNING - --------- Final Reasoner ---------
2024-08-04 10:35:06 - Thread-541 (process_claim_verification) - WARNING - ----------------------------------
2024-08-04 10:35:08 - Thread-541 (process_claim_verification) - INFO - ################## Final Reasoner Input (Attempt 1) ##################
2024-08-04 10:35:08 - Thread-541 (process_claim_verification) - INFO - 
{
  "Claim": "Barbie is from the fictional town of Willows, Wisconsin.",
  "Video_information": {'video_date': 20230710.0, 'platform': 'twitter', 'video_headline': 'BARBIES FROM WISCONSIN????', 'video_transcript': "What is Barbie short for? Barbie is strong. She's she's just strong and beautiful. What is her name short for? Oh, oh, oh, oh. You know this one. He's playing a trick on me. You know. You tell me. No. I'm not playing a trick. What is it? Barbara. Yeah. I thought it was Barbara. Oh, yeah. No. It's it's definitely Barbara. Barbara has had quite the resume. Which of these jobs has she never had? Astronaut, plumber, lifeguard, marine corps sergeant? Probably plumber. Right? You're absolutely right. Plumber. I don't think so. Right? Where is Barbie from? Oh, my god. Is she from, like, Nantucket or something? She's from Wisconsin. I'm from Wisconsin. Oh, you really? Milwaukee. Okay. Oh my gosh. You guys don't talk about it all the time, ma'am? Oh my god. I love it. Congratulations. Thank you so much.", 'Video_descriptor': "The video opens at an outdoor event resembling a red carpet or media interview, where a woman with blonde hair, clad in a light blue dress and sunglasses, is being interviewed by a man holding a microphone labeled 'ET', indicating the presence of entertainment news. Throughout the video, this woman is seen consistently holding a cigarette while interacting with the interviewer, who appears engaged in the conversation. Various key frames depict her adjusting her sunglasses, shielding her eyes with a glove, and interacting with the vibrant atmosphere, which is accompanied by a lively backdrop featuring large pink and blue structures, possibly installations or decorative elements related to the event. Other individuals can also be seen in the background, including a man in a white shirt and a woman in a pink outfit, all contributing to the bustling environment filled with cameras and media presence. The sunny weather enhances the energetic ambiance, clearly showcasing a public gathering where the woman, in her striking blue attire, stands out as a focal point amidst the activity surrounding her, thus encapsulating the essence of the vibrant scene through her stylish appearance and engaging presence."},
  "QA_CONTEXTS": {},
  "Task": "Is this Claim true or false considering the provided Video information? And which information type does it belong to: Real, Unverified, Outdated, or False? If 'False,' specify the type: False video description, Video Clip Edit, Computer-generated Imagery, False speech, Staged Video, Text-Video Contradictory, Text unsupported by the video. Please provide your reasoning process. Ensure the final answer addresses all the following aspects: Answer, Reasons, Therefore, the Claim authenticity is, The information type is, If it is false, the specific type of False Information is.",
  "Output_Answer_Format": {
    "Answer": "",
    "Reasons": "",
    "Therefore, the Claim authenticity is": "",
    "The information type is": "",
    "If it is false, the specific type of False Information is": ""
  },
  "Please Note": "Make sure to address Answer, Reasons, Therefore, the Claim authenticity is, The information type is, If it is false, the specific type of False Information is, specifically based on the provided Video information.",
  "Evidence Citation Guidelines": {
    "1. Reference Format": "For each argument or piece of information used, add the referenced evidence number after it.",
    "2. Citation Format": "Use the format [Question_type Question_number_Query number_evidence number] for your references. For example:",
      "- Initial Question Generation": "[Initial_Question_Generation_Query X_evidenceY]",
      "- Follow Up Questions": "[Follow_Up_Question_Z_Query X_evidenceY]",
      "Where X is the query number, Y is the evidence number, and Z is the follow-up question number.",
    "3. Comprehensive Referencing": "Ensure that every piece of information drawn from the provided evidence is properly referenced.",
    "4. Answer Quality": "Strive for a comprehensive yet concise answer that directly addresses the question while incorporating relevant evidence.",
    "5. Output Inclusion": "When citing evidence in the final output, include the full reference tag (e.g., [Follow_Up_Question_1_Query 1_evidence_2]) in the 'Reasons' section of the Output_Answer_Format."
  }
}

2024-08-04 10:35:10 - Thread-541 (process_claim_verification) - INFO - ################## Final Reasoner Raw Output (Attempt 1) ##################
2024-08-04 10:35:10 - Thread-541 (process_claim_verification) - INFO - {
  "Answer": "True",
  "Reasons": "The video confirms that Barbie is from Wisconsin, as one of the participants states, 'She's from Wisconsin.' This aligns with the claim that Barbie is from the fictional town of Willows, Wisconsin. Although the claim specifies a fictional town, it is widely accepted in popular culture that Barbie hails from Wisconsin, and this is supported by the information in the video, affirming the claim's truthfulness.",
  "Therefore, the Claim authenticity is": "True",
  "The information type is": "Real",
  "If it is false, the specific type of False Information is": ""
}
2024-08-04 10:35:13 - Thread-541 (process_claim_verification) - INFO - The claim processing result has been generated and successfully saved.
2024-08-04 10:35:13 - Thread-541 (process_claim_verification) - INFO - final_json_answer 
{'Final_Judgement': {'Answer': 'True', 'Reasons': "The video confirms that Barbie is from Wisconsin, as one of the participants states, 'She's from Wisconsin.' This aligns with the claim that Barbie is from the fictional town of Willows, Wisconsin. Although the claim specifies a fictional town, it is widely accepted in popular culture that Barbie hails from Wisconsin, and this is supported by the information in the video, affirming the claim's truthfulness.", 'Therefore, the Claim authenticity is': 'True', 'The information type is': 'Real'}}
